<?xml version="1.0" encoding="UTF-8"?>
<testsuite xmlns:xsi="http://www.w3.org/2001/XMLSchema-instance" xsi:noNamespaceSchemaLocation="https://maven.apache.org/surefire/maven-surefire-plugin/xsd/surefire-test-report.xsd" version="3.0.2" name="com.roadready.repository.VehicleRepositoryTest" time="0.108" tests="3" errors="1" skipped="0" failures="0" flakes="0">
  <properties>
[...]
</properties>
  <testcase name="testSearchVehicles" classname="com.roadready.repository.VehicleRepositoryTest" time="0.037">
    <system-out><![CDATA[2026-06-22T22:27:33.242+05:30  INFO 47040 --- [roadready] [           main] t.c.s.AnnotationConfigContextLoaderUtils : Could not detect default configuration classes for test class [com.roadready.repository.VehicleRepositoryTest]: VehicleRepositoryTest does not declare any static, non-private, non-final, nested classes annotated with @Configuration.
2026-06-22T22:27:33.252+05:30  INFO 47040 --- [roadready] [           main] .b.t.c.SpringBootTestContextBootstrapper : Found @SpringBootConfiguration com.roadready.RoadreadyApplication for test class com.roadready.repository.VehicleRepositoryTest
Hibernate: select v1_0.vehicle_id,b1_0.brand_name,a1_0.id,a1_0.name,v1_0.model,v1_0.specifications,v1_0.pricing_per_day,v1_0.availability_status,v1_0.image_url,v1_0.location,v1_0.vehicle_type,v1_0.sub_type from vehicles v1_0 left join brands b1_0 on b1_0.brand_id=v1_0.brand_id left join rental_agents a1_0 on a1_0.id=v1_0.agent_id where (? is null or lower(v1_0.model) like lower(('%'||?||'%')) escape '') and (? is null or v1_0.pricing_per_day<=?) and (? is null or lower(b1_0.brand_name) like lower(('%'||?||'%')) escape '') and (? is null or lower(v1_0.location) like lower(('%'||?||'%')) escape '') and (? is null or lower(v1_0.vehicle_type) like lower(('%'||?||'%')) escape '') and (? is null or lower(v1_0.sub_type) like lower(('%'||?||'%')) escape '') and (cast(? as timestamp(6)) is null or cast(? as timestamp(6)) is null or not exists(select r1_0.reservation_id from reservations r1_0 where r1_0.vehicle_id=v1_0.vehicle_id and r1_0.booking_status in ('CONFIRMED','CHECKED_OUT') and r1_0.dropoff_time>? and r1_0.pickup_time<?)) fetch first ? rows only
]]></system-out>
  </testcase>
  <testcase name="testFindByAvailabilityStatus" classname="com.roadready.repository.VehicleRepositoryTest" time="0.026">
    <system-out><![CDATA[Hibernate: select v1_0.vehicle_id,v1_0.agent_id,v1_0.availability_status,v1_0.brand_id,v1_0.image_url,v1_0.location,v1_0.model,v1_0.pricing_per_day,v1_0.specifications,v1_0.sub_type,v1_0.vehicle_type from vehicles v1_0 where v1_0.availability_status=? fetch first ? rows only
]]></system-out>
  </testcase>
  <testcase name="testFindByAgentId" classname="com.roadready.repository.VehicleRepositoryTest" time="0.017">
    <error message="could not execute statement [NULL not allowed for column &quot;BRAND_ID&quot;; SQL statement:&#10;insert into vehicles (agent_id,availability_status,brand_id,image_url,location,model,pricing_per_day,specifications,sub_type,vehicle_type,vehicle_id) values (?,?,?,?,?,?,?,?,?,?,default) [23502-232]] [insert into vehicles (agent_id,availability_status,brand_id,image_url,location,model,pricing_per_day,specifications,sub_type,vehicle_type,vehicle_id) values (?,?,?,?,?,?,?,?,?,?,default)]; SQL [insert into vehicles (agent_id,availability_status,brand_id,image_url,location,model,pricing_per_day,specifications,sub_type,vehicle_type,vehicle_id) values (?,?,?,?,?,?,?,?,?,?,default)]; constraint [null]" type="org.springframework.dao.DataIntegrityViolationException"><![CDATA[org.springframework.dao.DataIntegrityViolationException: 
could not execute statement [NULL not allowed for column "BRAND_ID"; SQL statement:
insert into vehicles (agent_id,availability_status,brand_id,image_url,location,model,pricing_per_day,specifications,sub_type,vehicle_type,vehicle_id) values (?,?,?,?,?,?,?,?,?,?,default) [23502-232]] [insert into vehicles (agent_id,availability_status,brand_id,image_url,location,model,pricing_per_day,specifications,sub_type,vehicle_type,vehicle_id) values (?,?,?,?,?,?,?,?,?,?,default)]; SQL [insert into vehicles (agent_id,availability_status,brand_id,image_url,location,model,pricing_per_day,specifications,sub_type,vehicle_type,vehicle_id) values (?,?,?,?,?,?,?,?,?,?,default)]; constraint [null]
	at org.springframework.orm.jpa.vendor.HibernateJpaDialect.convertHibernateAccessException(HibernateJpaDialect.java:294)
	at org.springframework.orm.jpa.vendor.HibernateJpaDialect.convertHibernateAccessException(HibernateJpaDialect.java:256)
	at org.springframework.orm.jpa.vendor.HibernateJpaDialect.translateExceptionIfPossible(HibernateJpaDialect.java:241)
	at org.springframework.orm.jpa.AbstractEntityManagerFactoryBean.translateExceptionIfPossible(AbstractEntityManagerFactoryBean.java:560)
	at org.springframework.dao.support.ChainedPersistenceExceptionTranslator.translateExceptionIfPossible(ChainedPersistenceExceptionTranslator.java:61)
	at org.springframework.dao.support.DataAccessUtils.translateIfNecessary(DataAccessUtils.java:343)
	at org.springframework.dao.support.PersistenceExceptionTranslationInterceptor.invoke(PersistenceExceptionTranslationInterceptor.java:160)
	at org.springframework.aop.framework.ReflectiveMethodInvocation.proceed(ReflectiveMethodInvocation.java:184)
	at org.springframework.data.jpa.repository.support.CrudMethodMetadataPostProcessor$CrudMethodMetadataPopulatingMethodInterceptor.invoke(CrudMethodMetadataPostProcessor.java:165)
	at org.springframework.aop.framework.ReflectiveMethodInvocation.proceed(ReflectiveMethodInvocation.java:184)
	at org.springframework.aop.framework.JdkDynamicAopProxy.invoke(JdkDynamicAopProxy.java:223)
	at jdk.proxy2/jdk.proxy2.$Proxy133.save(Unknown Source)
	at com.roadready.repository.VehicleRepositoryTest.testFindByAgentId(VehicleRepositoryTest.java:60)
	at java.base/java.lang.reflect.Method.invoke(Method.java:580)
	at java.base/java.util.ArrayList.forEach(ArrayList.java:1597)
	at java.base/java.util.ArrayList.forEach(ArrayList.java:1597)
Caused by: org.hibernate.exception.ConstraintViolationException: could not execute statement [NULL not allowed for column "BRAND_ID"; SQL statement:
insert into vehicles (agent_id,availability_status,brand_id,image_url,location,model,pricing_per_day,specifications,sub_type,vehicle_type,vehicle_id) values (?,?,?,?,?,?,?,?,?,?,default) [23502-232]] [insert into vehicles (agent_id,availability_status,brand_id,image_url,location,model,pricing_per_day,specifications,sub_type,vehicle_type,vehicle_id) values (?,?,?,?,?,?,?,?,?,?,default)]
	at org.hibernate.exception.internal.SQLExceptionTypeDelegate.convert(SQLExceptionTypeDelegate.java:62)
	at org.hibernate.exception.internal.StandardSQLExceptionConverter.convert(StandardSQLExceptionConverter.java:58)
	at org.hibernate.engine.jdbc.spi.SqlExceptionHelper.convert(SqlExceptionHelper.java:108)
	at org.hibernate.engine.jdbc.internal.ResultSetReturnImpl.executeUpdate(ResultSetReturnImpl.java:197)
	at org.hibernate.id.insert.GetGeneratedKeysDelegate.performMutation(GetGeneratedKeysDelegate.java:116)
	at org.hibernate.engine.jdbc.mutation.internal.MutationExecutorSingleNonBatched.performNonBatchedOperations(MutationExecutorSingleNonBatched.java:47)
	at org.hibernate.engine.jdbc.mutation.internal.AbstractMutationExecutor.execute(AbstractMutationExecutor.java:55)
	at org.hibernate.persister.entity.mutation.InsertCoordinatorStandard.doStaticInserts(InsertCoordinatorStandard.java:194)
	at org.hibernate.persister.entity.mutation.InsertCoordinatorStandard.coordinateInsert(InsertCoordinatorStandard.java:132)
	at org.hibernate.persister.entity.mutation.InsertCoordinatorStandard.insert(InsertCoordinatorStandard.java:95)
	at org.hibernate.action.internal.EntityIdentityInsertAction.execute(EntityIdentityInsertAction.java:85)
	at org.hibernate.engine.spi.ActionQueue.execute(ActionQueue.java:682)
	at org.hibernate.engine.spi.ActionQueue.addResolvedEntityInsertAction(ActionQueue.java:293)
	at org.hibernate.engine.spi.ActionQueue.addInsertAction(ActionQueue.java:274)
	at org.hibernate.engine.spi.ActionQueue.addAction(ActionQueue.java:324)
	at org.hibernate.event.internal.AbstractSaveEventListener.addInsertAction(AbstractSaveEventListener.java:394)
	at org.hibernate.event.internal.AbstractSaveEventListener.performSaveOrReplicate(AbstractSaveEventListener.java:308)
	at org.hibernate.event.internal.AbstractSaveEventListener.performSave(AbstractSaveEventListener.java:224)
	at org.hibernate.event.internal.AbstractSaveEventListener.saveWithGeneratedId(AbstractSaveEventListener.java:136)
	at org.hibernate.event.internal.DefaultPersistEventListener.entityIsTransient(DefaultPersistEventListener.java:177)
	at org.hibernate.event.internal.DefaultPersistEventListener.persist(DefaultPersistEventListener.java:95)
	at org.hibernate.event.internal.DefaultPersistEventListener.onPersist(DefaultPersistEventListener.java:79)
	at org.hibernate.event.internal.DefaultPersistEventListener.onPersist(DefaultPersistEventListener.java:55)
	at org.hibernate.event.service.internal.EventListenerGroupImpl.fireEventOnEachListener(EventListenerGroupImpl.java:127)
	at org.hibernate.internal.SessionImpl.firePersist(SessionImpl.java:761)
	at org.hibernate.internal.SessionImpl.persist(SessionImpl.java:745)
	at java.base/jdk.internal.reflect.DirectMethodHandleAccessor.invoke(DirectMethodHandleAccessor.java:103)
	at java.base/java.lang.reflect.Method.invoke(Method.java:580)
	at org.springframework.orm.jpa.SharedEntityManagerCreator$SharedEntityManagerInvocationHandler.invoke(SharedEntityManagerCreator.java:320)
	at jdk.proxy2/jdk.proxy2.$Proxy124.persist(Unknown Source)
	at org.springframework.data.jpa.repository.support.SimpleJpaRepository.save(SimpleJpaRepository.java:654)
	at java.base/jdk.internal.reflect.DirectMethodHandleAccessor.invoke(DirectMethodHandleAccessor.java:103)
	at java.base/java.lang.reflect.Method.invoke(Method.java:580)
	at org.springframework.aop.support.AopUtils.invokeJoinpointUsingReflection(AopUtils.java:360)
	at org.springframework.data.repository.core.support.RepositoryMethodInvoker$RepositoryFragmentMethodInvoker.lambda$new$0(RepositoryMethodInvoker.java:277)
	at org.springframework.data.repository.core.support.RepositoryMethodInvoker.doInvoke(RepositoryMethodInvoker.java:170)
	at org.springframework.data.repository.core.support.RepositoryMethodInvoker.invoke(RepositoryMethodInvoker.java:158)
	at org.springframework.data.repository.core.support.RepositoryComposition$RepositoryFragments.invoke(RepositoryComposition.java:515)
	at org.springframework.data.repository.core.support.RepositoryComposition.invoke(RepositoryComposition.java:284)
	at org.springframework.data.repository.core.support.RepositoryFactorySupport$ImplementationMethodExecutionInterceptor.invoke(RepositoryFactorySupport.java:720)
	at org.springframework.aop.framework.ReflectiveMethodInvocation.proceed(ReflectiveMethodInvocation.java:184)
	at org.springframework.data.repository.core.support.QueryExecutorMethodInterceptor.doInvoke(QueryExecutorMethodInterceptor.java:174)
	at org.springframework.data.repository.core.support.QueryExecutorMethodInterceptor.invoke(QueryExecutorMethodInterceptor.java:149)
	at org.springframework.aop.framework.ReflectiveMethodInvocation.proceed(ReflectiveMethodInvocation.java:184)
	at org.springframework.data.projection.DefaultMethodInvokingMethodInterceptor.invoke(DefaultMethodInvokingMethodInterceptor.java:69)
	at org.springframework.aop.framework.ReflectiveMethodInvocation.proceed(ReflectiveMethodInvocation.java:184)
	at org.springframework.transaction.interceptor.TransactionAspectSupport.invokeWithinTransaction(TransactionAspectSupport.java:380)
	at org.springframework.transaction.interceptor.TransactionInterceptor.invoke(TransactionInterceptor.java:119)
	at org.springframework.aop.framework.ReflectiveMethodInvocation.proceed(ReflectiveMethodInvocation.java:184)
	at org.springframework.dao.support.PersistenceExceptionTranslationInterceptor.invoke(PersistenceExceptionTranslationInterceptor.java:138)
	... 9 more
Caused by: org.h2.jdbc.JdbcSQLIntegrityConstraintViolationException: NULL not allowed for column "BRAND_ID"; SQL statement:
insert into vehicles (agent_id,availability_status,brand_id,image_url,location,model,pricing_per_day,specifications,sub_type,vehicle_type,vehicle_id) values (?,?,?,?,?,?,?,?,?,?,default) [23502-232]
	at org.h2.message.DbException.getJdbcSQLException(DbException.java:520)
	at org.h2.message.DbException.getJdbcSQLException(DbException.java:489)
	at org.h2.message.DbException.get(DbException.java:223)
	at org.h2.message.DbException.get(DbException.java:199)
	at org.h2.table.Column.validateConvertUpdateSequence(Column.java:402)
	at org.h2.table.Table.convertInsertRow(Table.java:963)
	at org.h2.command.dml.Insert.insertRows(Insert.java:167)
	at org.h2.command.dml.Insert.update(Insert.java:135)
	at org.h2.command.CommandContainer.executeUpdateWithGeneratedKeys(CommandContainer.java:212)
	at org.h2.command.CommandContainer.update(CommandContainer.java:133)
	at org.h2.command.Command.executeUpdate(Command.java:304)
	at org.h2.command.Command.executeUpdate(Command.java:248)
	at org.h2.jdbc.JdbcPreparedStatement.executeUpdateInternal(JdbcPreparedStatement.java:213)
	at org.h2.jdbc.JdbcPreparedStatement.executeUpdate(JdbcPreparedStatement.java:172)
	at org.hibernate.engine.jdbc.internal.ResultSetReturnImpl.executeUpdate(ResultSetReturnImpl.java:194)
	... 55 more
]]></error>
    <system-out><![CDATA[Hibernate: insert into login_info (is_active,password_hash,role,email,id) values (?,?,?,?,default)
Hibernate: insert into rental_agents (admin_id,created_at,name,phone_number,user_id,id) values (?,?,?,?,?,default)
Hibernate: insert into vehicles (agent_id,availability_status,brand_id,image_url,location,model,pricing_per_day,specifications,sub_type,vehicle_type,vehicle_id) values (?,?,?,?,?,?,?,?,?,?,default)
2026-06-22T22:27:33.334+05:30  WARN 47040 --- [roadready] [           main] o.h.engine.jdbc.spi.SqlExceptionHelper   : SQL Error: 23502, SQLState: 23502
2026-06-22T22:27:33.334+05:30 ERROR 47040 --- [roadready] [           main] o.h.engine.jdbc.spi.SqlExceptionHelper   : NULL not allowed for column "BRAND_ID"; SQL statement:
insert into vehicles (agent_id,availability_status,brand_id,image_url,location,model,pricing_per_day,specifications,sub_type,vehicle_type,vehicle_id) values (?,?,?,?,?,?,?,?,?,?,default) [23502-232]
]]></system-out>
  </testcase>
</testsuite>